This is pdfTeX, Version 3.14159265-2.6-1.40.21 (TeX Live 2020/Arch Linux) (preloaded format=pdflatex 2021.1.3)  18 JAN 2021 11:57
entering extended mode
 \write18 enabled.
 file:line:error style messages enabled.
 %&-line parsing enabled.
**exam.tex
(./exam.tex
LaTeX2e <2020-10-01> patch level 2
L3 programming layer <2020-12-03> xparse <2020-03-03>
(/usr/share/texmf-dist/tex/latex/base/article.cls
Document Class: article 2020/04/10 v1.4m Standard LaTeX document class
(/usr/share/texmf-dist/tex/latex/base/size10.clo
File: size10.clo 2020/04/10 v1.4m Standard LaTeX file (size option)
)
\c@part=\count177
\c@section=\count178
\c@subsection=\count179
\c@subsubsection=\count180
\c@paragraph=\count181
\c@subparagraph=\count182
\c@figure=\count183
\c@table=\count184
\abovecaptionskip=\skip47
\belowcaptionskip=\skip48
\bibindent=\dimen138
)
(/usr/share/texmf-dist/tex/latex/base/inputenc.sty
Package: inputenc 2020/08/01 v1.3d Input encoding file
\inpenc@prehook=\toks15
\inpenc@posthook=\toks16
)
(/usr/share/texmf-dist/tex/latex/geometry/geometry.sty
Package: geometry 2020/01/02 v5.9 Page Geometry

(/usr/share/texmf-dist/tex/latex/graphics/keyval.sty
Package: keyval 2014/10/28 v1.15 key=value parser (DPC)
\KV@toks@=\toks17
)
(/usr/share/texmf-dist/tex/generic/iftex/ifvtex.sty
Package: ifvtex 2019/10/25 v1.7 ifvtex legacy package. Use iftex instead.

(/usr/share/texmf-dist/tex/generic/iftex/iftex.sty
Package: iftex 2020/03/06 v1.0d TeX engine tests
))
\Gm@cnth=\count185
\Gm@cntv=\count186
\c@Gm@tempcnt=\count187
\Gm@bindingoffset=\dimen139
\Gm@wd@mp=\dimen140
\Gm@odd@mp=\dimen141
\Gm@even@mp=\dimen142
\Gm@layoutwidth=\dimen143
\Gm@layoutheight=\dimen144
\Gm@layouthoffset=\dimen145
\Gm@layoutvoffset=\dimen146
\Gm@dimlist=\toks18
)
(/usr/share/texmf-dist/tex/latex/graphics/graphicx.sty
Package: graphicx 2020/09/09 v1.2b Enhanced LaTeX Graphics (DPC,SPQR)

(/usr/share/texmf-dist/tex/latex/graphics/graphics.sty
Package: graphics 2020/08/30 v1.4c Standard LaTeX Graphics (DPC,SPQR)

(/usr/share/texmf-dist/tex/latex/graphics/trig.sty
Package: trig 2016/01/03 v1.10 sin cos tan (DPC)
)
(/usr/share/texmf-dist/tex/latex/graphics-cfg/graphics.cfg
File: graphics.cfg 2016/06/04 v1.11 sample graphics configuration
)
Package graphics Info: Driver file: pdftex.def on input line 105.

(/usr/share/texmf-dist/tex/latex/graphics-def/pdftex.def
File: pdftex.def 2020/10/05 v1.2a Graphics/color driver for pdftex
))
\Gin@req@height=\dimen147
\Gin@req@width=\dimen148
)
(/usr/share/texmf-dist/tex/latex/titling/titling.sty
Package: titling 2009/09/04 v2.1d maketitle typesetting
\thanksmarkwidth=\skip49
\thanksmargin=\skip50
\droptitle=\skip51
)
(/usr/share/texmf-dist/tex/latex/l3backend/l3backend-pdftex.def
File: l3backend-pdftex.def 2020-09-24 L3 backend support: PDF output (pdfTeX)
\l__kernel_color_stack_int=\count188
\l__pdf_internal_box=\box47
) (./exam.aux)
LaTeX Font Info:    Checking defaults for OML/cmm/m/it on input line 25.
LaTeX Font Info:    ... okay on input line 25.
LaTeX Font Info:    Checking defaults for OMS/cmsy/m/n on input line 25.
LaTeX Font Info:    ... okay on input line 25.
LaTeX Font Info:    Checking defaults for OT1/cmr/m/n on input line 25.
LaTeX Font Info:    ... okay on input line 25.
LaTeX Font Info:    Checking defaults for T1/cmr/m/n on input line 25.
LaTeX Font Info:    ... okay on input line 25.
LaTeX Font Info:    Checking defaults for TS1/cmr/m/n on input line 25.
LaTeX Font Info:    ... okay on input line 25.
LaTeX Font Info:    Checking defaults for OMX/cmex/m/n on input line 25.
LaTeX Font Info:    ... okay on input line 25.
LaTeX Font Info:    Checking defaults for U/cmr/m/n on input line 25.
LaTeX Font Info:    ... okay on input line 25.

*geometry* driver: auto-detecting
*geometry* detected driver: pdftex
*geometry* verbose mode - [ preamble ] result:
* driver: pdftex
* paper: a4paper
* layout: <same size as paper>
* layoutoffset:(h,v)=(0.0pt,0.0pt)
* modes: 
* h-part:(L,W,R)=(56.9055pt, 483.69684pt, 56.90553pt)
* v-part:(T,H,B)=(45.52438pt, 731.23582pt, 68.28664pt)
* \paperwidth=597.50787pt
* \paperheight=845.04684pt
* \textwidth=483.69684pt
* \textheight=731.23582pt
* \oddsidemargin=-15.36449pt
* \evensidemargin=-15.36449pt
* \topmargin=-63.7456pt
* \headheight=12.0pt
* \headsep=25.0pt
* \topskip=10.0pt
* \footskip=30.0pt
* \marginparwidth=65.0pt
* \marginparsep=11.0pt
* \columnsep=10.0pt
* \skip\footins=9.0pt plus 4.0pt minus 2.0pt
* \hoffset=0.0pt
* \voffset=0.0pt
* \mag=1000
* \@twocolumnfalse
* \@twosidefalse
* \@mparswitchfalse
* \@reversemarginfalse
* (1in=72.27pt=25.4mm, 1cm=28.453pt)

(/usr/share/texmf-dist/tex/context/base/mkii/supp-pdf.mkii
[Loading MPS to PDF converter (version 2006.09.02).]
\scratchcounter=\count189
\scratchdimen=\dimen149
\scratchbox=\box48
\nofMPsegments=\count190
\nofMParguments=\count191
\everyMPshowfont=\toks19
\MPscratchCnt=\count192
\MPscratchDim=\dimen150
\MPnumerator=\count193
\makeMPintoPDFobject=\count194
\everyMPtoPDFconversion=\toks20
) (/usr/share/texmf-dist/tex/latex/epstopdf-pkg/epstopdf-base.sty
Package: epstopdf-base 2020-01-24 v2.11 Base part for package epstopdf
Package epstopdf-base Info: Redefining graphics rule for `.eps' on input line 4
85.

(/usr/share/texmf-dist/tex/latex/latexconfig/epstopdf-sys.cfg
File: epstopdf-sys.cfg 2010/07/13 v1.3 Configuration of (r)epstopdf for TeX Liv
e
))
LaTeX Font Info:    External font `cmex10' loaded for size
(Font)              <12> on input line 26.
LaTeX Font Info:    External font `cmex10' loaded for size
(Font)              <8> on input line 26.
LaTeX Font Info:    External font `cmex10' loaded for size
(Font)              <6> on input line 26.
<./Discrete Maths//plagarism.jpg, id=1, 2348.775pt x 1206.00563pt>
File: ./Discrete Maths//plagarism.jpg Graphic file (type jpg)
<use ./Discrete Maths//plagarism.jpg>
Package pdftex.def Info: ./Discrete Maths//plagarism.jpg  used on input line 29
.
(pdftex.def)             Requested size: 483.69684pt x 248.35529pt.
 [1

{/var/lib/texmf/fonts/map/pdftex/updmap/pdftex.map}]
<./Discrete Maths//IMG_20210118_111849.jpg, id=10, 1887.30093pt x 2801.96812pt>

File: ./Discrete Maths//IMG_20210118_111849.jpg Graphic file (type jpg)
<use ./Discrete Maths//IMG_20210118_111849.jpg>
Package pdftex.def Info: ./Discrete Maths//IMG_20210118_111849.jpg  used on inp
ut line 34.
(pdftex.def)             Requested size: 483.69684pt x 718.1052pt.
<./Discrete Maths//IMG_20210118_111858.jpg, id=11, 1887.30093pt x 1915.9078pt>
File: ./Discrete Maths//IMG_20210118_111858.jpg Graphic file (type jpg)
<use ./Discrete Maths//IMG_20210118_111858.jpg>
Package pdftex.def Info: ./Discrete Maths//IMG_20210118_111858.jpg  used on inp
ut line 39.
(pdftex.def)             Requested size: 483.69684pt x 491.02034pt.
<./Discrete Maths//IMG_20210118_111906.jpg, id=12, 1887.30093pt x 2305.86469pt>

File: ./Discrete Maths//IMG_20210118_111906.jpg Graphic file (type jpg)
<use ./Discrete Maths//IMG_20210118_111906.jpg>
Package pdftex.def Info: ./Discrete Maths//IMG_20210118_111906.jpg  used on inp
ut line 44.
(pdftex.def)             Requested size: 483.69684pt x 590.96083pt.
<./Discrete Maths//IMG_20210118_111927.jpg, id=13, 1771.36781pt x 2305.86469pt>

File: ./Discrete Maths//IMG_20210118_111927.jpg Graphic file (type jpg)
<use ./Discrete Maths//IMG_20210118_111927.jpg>
Package pdftex.def Info: ./Discrete Maths//IMG_20210118_111927.jpg  used on inp
ut line 49.
(pdftex.def)             Requested size: 483.69684pt x 629.62872pt.
<./Discrete Maths//IMG_20210118_111941.jpg, id=14, 1771.36781pt x 2305.86469pt>

File: ./Discrete Maths//IMG_20210118_111941.jpg Graphic file (type jpg)
<use ./Discrete Maths//IMG_20210118_111941.jpg>
Package pdftex.def Info: ./Discrete Maths//IMG_20210118_111941.jpg  used on inp
ut line 54.
(pdftex.def)             Requested size: 483.69684pt x 629.62872pt.
<./Discrete Maths//IMG_20210118_111950.jpg, id=15, 1771.36781pt x 2357.05594pt>

File: ./Discrete Maths//IMG_20210118_111950.jpg Graphic file (type jpg)
<use ./Discrete Maths//IMG_20210118_111950.jpg>
Package pdftex.def Info: ./Discrete Maths//IMG_20210118_111950.jpg  used on inp
ut line 59.
(pdftex.def)             Requested size: 483.69684pt x 643.60677pt.
<./Discrete Maths//IMG_20210118_112004.jpg, id=16, 1771.36781pt x 1927.2pt>
File: ./Discrete Maths//IMG_20210118_112004.jpg Graphic file (type jpg)
<use ./Discrete Maths//IMG_20210118_112004.jpg>
Package pdftex.def Info: ./Discrete Maths//IMG_20210118_112004.jpg  used on inp
ut line 64.
(pdftex.def)             Requested size: 483.69684pt x 526.2323pt.
<./Discrete Maths//IMG_20210118_112024.jpg, id=17, 1771.36781pt x 1927.2pt>
File: ./Discrete Maths//IMG_20210118_112024.jpg Graphic file (type jpg)
<use ./Discrete Maths//IMG_20210118_112024.jpg>
Package pdftex.def Info: ./Discrete Maths//IMG_20210118_112024.jpg  used on inp
ut line 69.
(pdftex.def)             Requested size: 483.69684pt x 526.2323pt.
<./Discrete Maths//IMG_20210118_112040.jpg, id=18, 1815.03094pt x 2541.495pt>
File: ./Discrete Maths//IMG_20210118_112040.jpg Graphic file (type jpg)
<use ./Discrete Maths//IMG_20210118_112040.jpg>
Package pdftex.def Info: ./Discrete Maths//IMG_20210118_112040.jpg  used on inp
ut line 74.
(pdftex.def)             Requested size: 483.69684pt x 677.29343pt.
 [2 <./Discrete Maths//plagarism.jpg>]
[3 <./Discrete Maths//IMG_20210118_111849.jpg>] [4 <./Discrete Maths//IMG_20210
118_111858.jpg>] [5 <./Discrete Maths//IMG_20210118_111906.jpg>] [6 <./Discrete
 Maths//IMG_20210118_111927.jpg>] [7 <./Discrete Maths//IMG_20210118_111941.jpg
>] [8 <./Discrete Maths//IMG_20210118_111950.jpg>] [9 <./Discrete Maths//IMG_20
210118_112004.jpg>] [10 <./Discrete Maths//IMG_20210118_112024.jpg>] [11 <./Dis
crete Maths//IMG_20210118_112040.jpg>] (./exam.aux) ) 
Here is how much of TeX's memory you used:
 1844 strings out of 479383
 28650 string characters out of 5875831
 303377 words of memory out of 5000000
 18967 multiletter control sequences out of 15000+600000
 406465 words of font info for 37 fonts, out of 8000000 for 9000
 1141 hyphenation exceptions out of 8191
 66i,6n,72p,217b,222s stack positions out of 5000i,500n,10000p,200000b,80000s
</usr/share/texmf-dist/fon
ts/type1/public/amsfonts/cm/cmr10.pfb></usr/share/texmf-dist/fonts/type1/public
/amsfonts/cm/cmr12.pfb></usr/share/texmf-dist/fonts/type1/public/amsfonts/cm/cm
r17.pfb>
Output written on exam.pdf (11 pages, 34056251 bytes).
PDF statistics:
 62 PDF objects out of 1000 (max. 8388607)
 35 compressed objects within 1 object stream
 0 named destinations out of 1000 (max. 500000)
 51 words of extra memory for PDF output out of 10000 (max. 10000000)

