This is pdfTeX, Version 3.141592653-2.6-1.40.23 (TeX Live 2021/W32TeX) (preloaded format=pdflatex 2021.10.31)  25 NOV 2021 00:20
entering extended mode
 \write18 enabled.
 %&-line parsing enabled.
**writeup.tex
(./writeup.tex
LaTeX2e <2021-06-01> patch level 1
L3 programming layer <2021-10-18>
(e:/texlive/2021/texmf-dist/tex/latex/base/article.cls
Document Class: article 2021/02/12 v1.4n Standard LaTeX document class
(e:/texlive/2021/texmf-dist/tex/latex/base/size10.clo
File: size10.clo 2021/02/12 v1.4n Standard LaTeX file (size option)
)
\c@part=\count182
\c@section=\count183
\c@subsection=\count184
\c@subsubsection=\count185
\c@paragraph=\count186
\c@subparagraph=\count187
\c@figure=\count188
\c@table=\count189
\abovecaptionskip=\skip47
\belowcaptionskip=\skip48
\bibindent=\dimen138
)
(e:/texlive/2021/texmf-dist/tex/latex/base/inputenc.sty
Package: inputenc 2021/02/14 v1.3d Input encoding file
\inpenc@prehook=\toks16
\inpenc@posthook=\toks17
)
(e:/texlive/2021/texmf-dist/tex/latex/subfig/subfig.sty
Package: subfig 2005/06/28 ver: 1.3 subfig package

(e:/texlive/2021/texmf-dist/tex/latex/graphics/keyval.sty
Package: keyval 2014/10/28 v1.15 key=value parser (DPC)
\KV@toks@=\toks18
)
(e:/texlive/2021/texmf-dist/tex/latex/caption/caption.sty
Package: caption 2020/10/26 v3.5g Customizing captions (AR)

(e:/texlive/2021/texmf-dist/tex/latex/caption/caption3.sty
Package: caption3 2020/10/21 v2.2e caption3 kernel (AR)
\captionmargin=\dimen139
\captionmargin@=\dimen140
\captionwidth=\dimen141
\caption@tempdima=\dimen142
\caption@indent=\dimen143
\caption@parindent=\dimen144
\caption@hangindent=\dimen145
Package caption Info: Standard document class detected.
)
\c@caption@flags=\count190
\c@continuedfloat=\count191
)
\c@KVtest=\count192
\sf@farskip=\skip49
\sf@captopadj=\dimen146
\sf@capskip=\skip50
\sf@nearskip=\skip51
\c@subfigure=\count193
\c@subfigure@save=\count194
\c@lofdepth=\count195
\c@subtable=\count196
\c@subtable@save=\count197
\c@lotdepth=\count198
\sf@top=\skip52
\sf@bottom=\skip53
)
(e:/texlive/2021/texmf-dist/tex/latex/natbib/natbib.sty
Package: natbib 2010/09/13 8.31b (PWD, AO)
\bibhang=\skip54
\bibsep=\skip55
LaTeX Info: Redefining \cite on input line 694.
\c@NAT@ctr=\count199
)
(e:/texlive/2021/texmf-dist/tex/latex/xcolor/xcolor.sty
Package: xcolor 2016/05/11 v2.12 LaTeX color extensions (UK)

(e:/texlive/2021/texmf-dist/tex/latex/graphics-cfg/color.cfg
File: color.cfg 2016/01/02 v1.6 sample color configuration
)
Package xcolor Info: Driver file: pdftex.def on input line 225.

(e:/texlive/2021/texmf-dist/tex/latex/graphics-def/pdftex.def
File: pdftex.def 2020/10/05 v1.2a Graphics/color driver for pdftex
)
Package xcolor Info: Model `cmy' substituted by `cmy0' on input line 1348.
Package xcolor Info: Model `hsb' substituted by `rgb' on input line 1352.
Package xcolor Info: Model `RGB' extended on input line 1364.
Package xcolor Info: Model `HTML' substituted by `rgb' on input line 1366.
Package xcolor Info: Model `Hsb' substituted by `hsb' on input line 1367.
Package xcolor Info: Model `tHsb' substituted by `hsb' on input line 1368.
Package xcolor Info: Model `HSB' substituted by `hsb' on input line 1369.
Package xcolor Info: Model `Gray' substituted by `gray' on input line 1370.
Package xcolor Info: Model `wave' substituted by `hsb' on input line 1371.
)
(e:/texlive/2021/texmf-dist/tex/latex/microtype/microtype.sty
Package: microtype 2021/03/14 v2.8c Micro-typographical refinements (RS)
\MT@toks=\toks19
\MT@count=\count266
LaTeX Info: Redefining \textls on input line 790.
\MT@outer@kern=\dimen147
LaTeX Info: Redefining \textmicrotypecontext on input line 1374.
\MT@listname@count=\count267

(e:/texlive/2021/texmf-dist/tex/latex/microtype/microtype-pdftex.def
File: microtype-pdftex.def 2021/03/14 v2.8c Definitions specific to pdftex (RS)

LaTeX Info: Redefining \lsstyle on input line 915.
LaTeX Info: Redefining \lslig on input line 915.
\MT@outer@space=\skip56
)
Package microtype Info: Loading configuration file microtype.cfg.

(e:/texlive/2021/texmf-dist/tex/latex/microtype/microtype.cfg
File: microtype.cfg 2021/03/14 v2.8c microtype main configuration file (RS)
))
(e:/texlive/2021/texmf-dist/tex/latex/minted/minted.sty
Package: minted 2017/07/19 v2.5 Yet another Pygments shim for LaTeX

(e:/texlive/2021/texmf-dist/tex/latex/kvoptions/kvoptions.sty
Package: kvoptions 2020-10-07 v3.14 Key value format for package options (HO)

(e:/texlive/2021/texmf-dist/tex/generic/ltxcmds/ltxcmds.sty
Package: ltxcmds 2020-05-10 v1.25 LaTeX kernel commands for general use (HO)
)
(e:/texlive/2021/texmf-dist/tex/generic/kvsetkeys/kvsetkeys.sty
Package: kvsetkeys 2019/12/15 v1.18 Key value parser (HO)
))
(e:/texlive/2021/texmf-dist/tex/latex/fvextra/fvextra.sty
Package: fvextra 2019/02/04 v1.4 fvextra - extensions and patches for fancyvrb

(e:/texlive/2021/texmf-dist/tex/latex/base/ifthen.sty
Package: ifthen 2020/11/24 v1.1c Standard LaTeX ifthen package (DPC)
)
(e:/texlive/2021/texmf-dist/tex/latex/etoolbox/etoolbox.sty
Package: etoolbox 2020/10/05 v2.5k e-TeX tools for LaTeX (JAW)
\etb@tempcnta=\count268
)
(e:/texlive/2021/texmf-dist/tex/latex/fancyvrb/fancyvrb.sty
Package: fancyvrb 2021/10/15 v3.9 verbatim text (tvz,hv)
\FV@CodeLineNo=\count269
\FV@InFile=\read2
\FV@TabBox=\box50
\c@FancyVerbLine=\count270
\FV@StepNumber=\count271
\FV@OutFile=\write3
)
(e:/texlive/2021/texmf-dist/tex/latex/upquote/upquote.sty
Package: upquote 2012/04/19 v1.3 upright-quote and grave-accent glyphs in verba
tim
)
(e:/texlive/2021/texmf-dist/tex/latex/lineno/lineno.sty
Package: lineno 2005/11/02 line numbers on paragraphs v4.41
\linenopenalty=\count272
\output=\toks20
\linenoprevgraf=\count273
\linenumbersep=\dimen148
\linenumberwidth=\dimen149
\c@linenumber=\count274
\c@pagewiselinenumber=\count275
\c@LN@truepage=\count276
\c@internallinenumber=\count277
\c@internallinenumbers=\count278
\quotelinenumbersep=\dimen150
\bframerule=\dimen151
\bframesep=\dimen152
\bframebox=\box51
LaTeX Info: Redefining \\ on input line 3056.
)
\c@FV@TrueTabGroupLevel=\count279
\c@FV@TrueTabCounter=\count280
\FV@TabBox@Group=\box52
\FV@TmpLength=\skip57
\c@FV@HighlightLinesStart=\count281
\c@FV@HighlightLinesStop=\count282
\FV@LoopCount=\count283
\FV@NCharsBox=\box53
\FV@BreakIndent=\dimen153
\FV@BreakIndentNChars=\count284
\FV@BreakSymbolSepLeft=\dimen154
\FV@BreakSymbolSepLeftNChars=\count285
\FV@BreakSymbolSepRight=\dimen155
\FV@BreakSymbolSepRightNChars=\count286
\FV@BreakSymbolIndentLeft=\dimen156
\FV@BreakSymbolIndentLeftNChars=\count287
\FV@BreakSymbolIndentRight=\dimen157
\FV@BreakSymbolIndentRightNChars=\count288
\c@FancyVerbLineBreakLast=\count289
\FV@LineBox=\box54
\FV@LineIndentBox=\box55
\FV@LineWidth=\dimen158
)
(e:/texlive/2021/texmf-dist/tex/latex/tools/calc.sty
Package: calc 2017/05/25 v4.3 Infix arithmetic (KKT,FJ)
\calc@Acount=\count290
\calc@Bcount=\count291
\calc@Adimen=\dimen159
\calc@Bdimen=\dimen160
\calc@Askip=\skip58
\calc@Bskip=\skip59
LaTeX Info: Redefining \setlength on input line 80.
LaTeX Info: Redefining \addtolength on input line 81.
\calc@Ccount=\count292
\calc@Cskip=\skip60
)
(e:/texlive/2021/texmf-dist/tex/latex/tools/shellesc.sty
Package: shellesc 2019/11/08 v1.0c unified shell escape interface for LaTeX
Package shellesc Info: Unrestricted shell escape enabled on input line 75.
)
(e:/texlive/2021/texmf-dist/tex/latex/ifplatform/ifplatform.sty
Package: ifplatform 2017/10/13 v0.4a Testing for the operating system

(e:/texlive/2021/texmf-dist/tex/generic/pdftexcmds/pdftexcmds.sty
Package: pdftexcmds 2020-06-27 v0.33 Utility functions of pdfTeX for LuaTeX (HO
)

(e:/texlive/2021/texmf-dist/tex/generic/infwarerr/infwarerr.sty
Package: infwarerr 2019/12/03 v1.5 Providing info/warning/error messages (HO)
)
(e:/texlive/2021/texmf-dist/tex/generic/iftex/iftex.sty
Package: iftex 2020/03/06 v1.0d TeX engine tests
)
Package pdftexcmds Info: \pdf@primitive is available.
Package pdftexcmds Info: \pdf@ifprimitive is available.
Package pdftexcmds Info: \pdfdraftmode found.
)
(e:/texlive/2021/texmf-dist/tex/generic/catchfile/catchfile.sty
Package: catchfile 2019/12/09 v1.8 Catch the contents of a file (HO)

(e:/texlive/2021/texmf-dist/tex/generic/etexcmds/etexcmds.sty
Package: etexcmds 2019/12/15 v1.7 Avoid name clashes with e-TeX commands (HO)
))
(e:/texlive/2021/texmf-dist/tex/generic/iftex/ifluatex.sty
Package: ifluatex 2019/10/25 v1.5 ifluatex legacy package. Use iftex instead.
))
(e:/texlive/2021/texmf-dist/tex/generic/xstring/xstring.sty
(e:/texlive/2021/texmf-dist/tex/generic/xstring/xstring.tex
\integerpart=\count293
\decimalpart=\count294
)
Package: xstring 2021/07/21 v1.84 String manipulations (CT)
)
(e:/texlive/2021/texmf-dist/tex/latex/framed/framed.sty
Package: framed 2011/10/22 v 0.96: framed or shaded text with page breaks
\OuterFrameSep=\skip61
\fb@frw=\dimen161
\fb@frh=\dimen162
\FrameRule=\dimen163
\FrameSep=\dimen164
)
(e:/texlive/2021/texmf-dist/tex/latex/float/float.sty
Package: float 2001/11/08 v1.3d Float enhancements (AL)
\c@float@type=\count295
\float@exts=\toks21
\float@box=\box56
\@float@everytoks=\toks22
\@floatcapt=\box57
)
\minted@appexistsfile=\read3
\minted@bgbox=\box58
\minted@code=\write4
\c@minted@FancyVerbLineTemp=\count296
\c@minted@pygmentizecounter=\count297
\@float@every@listing=\toks23
\c@listing=\count298
)
runsystem(if not exist cache\_minted-writeup mkdir cache\_minted-writeup)...exe
cuted.


(e:/texlive/2021/texmf-dist/tex/latex/geometry/geometry.sty
Package: geometry 2020/01/02 v5.9 Page Geometry

(e:/texlive/2021/texmf-dist/tex/generic/iftex/ifvtex.sty
Package: ifvtex 2019/10/25 v1.7 ifvtex legacy package. Use iftex instead.
)
\Gm@cnth=\count299
\Gm@cntv=\count300
\c@Gm@tempcnt=\count301
\Gm@bindingoffset=\dimen165
\Gm@wd@mp=\dimen166
\Gm@odd@mp=\dimen167
\Gm@even@mp=\dimen168
\Gm@layoutwidth=\dimen169
\Gm@layoutheight=\dimen170
\Gm@layouthoffset=\dimen171
\Gm@layoutvoffset=\dimen172
\Gm@dimlist=\toks24
)
(e:/texlive/2021/texmf-dist/tex/latex/graphics/graphicx.sty
Package: graphicx 2020/12/05 v1.2c Enhanced LaTeX Graphics (DPC,SPQR)

(e:/texlive/2021/texmf-dist/tex/latex/graphics/graphics.sty
Package: graphics 2021/03/04 v1.4d Standard LaTeX Graphics (DPC,SPQR)

(e:/texlive/2021/texmf-dist/tex/latex/graphics/trig.sty
Package: trig 2016/01/03 v1.10 sin cos tan (DPC)
)
(e:/texlive/2021/texmf-dist/tex/latex/graphics-cfg/graphics.cfg
File: graphics.cfg 2016/06/04 v1.11 sample graphics configuration
)
Package graphics Info: Driver file: pdftex.def on input line 107.
)
\Gin@req@height=\dimen173
\Gin@req@width=\dimen174
)
(e:/texlive/2021/texmf-dist/tex/latex/titling/titling.sty
Package: titling 2009/09/04 v2.1d maketitle typesetting
\thanksmarkwidth=\skip62
\thanksmargin=\skip63
\droptitle=\skip64
)
runsystem(for ^%i in (pygmentize.exe pygmentize.bat pygmentize.cmd) do set > wr
iteup.aex <nul: /p x=^%~$PATH:i>> writeup.aex)...executed.

runsystem(del writeup.aex)...executed.


(e:/texlive/2021/texmf-dist/tex/latex/l3backend/l3backend-pdftex.def
File: l3backend-pdftex.def 2021-10-18 L3 backend support: PDF output (pdfTeX)
\l__color_backend_stack_int=\count302
\l__pdf_internal_box=\box59
)
(./writeup.aux)
\openout1 = `writeup.aux'.

LaTeX Font Info:    Checking defaults for OML/cmm/m/it on input line 59.
LaTeX Font Info:    ... okay on input line 59.
LaTeX Font Info:    Checking defaults for OMS/cmsy/m/n on input line 59.
LaTeX Font Info:    ... okay on input line 59.
LaTeX Font Info:    Checking defaults for OT1/cmr/m/n on input line 59.
LaTeX Font Info:    ... okay on input line 59.
LaTeX Font Info:    Checking defaults for T1/cmr/m/n on input line 59.
LaTeX Font Info:    ... okay on input line 59.
LaTeX Font Info:    Checking defaults for TS1/cmr/m/n on input line 59.
LaTeX Font Info:    ... okay on input line 59.
LaTeX Font Info:    Checking defaults for OMX/cmex/m/n on input line 59.
LaTeX Font Info:    ... okay on input line 59.
LaTeX Font Info:    Checking defaults for U/cmr/m/n on input line 59.
LaTeX Font Info:    ... okay on input line 59.
Package caption Info: Begin \AtBeginDocument code.
Package caption Info: subfig package v1.3 is loaded.
Package caption Info: float package is loaded.
Package caption Info: End \AtBeginDocument code.
 (e:/texlive/2021/texmf-dist/tex/context/base/mkii/supp-pdf.mkii
[Loading MPS to PDF converter (version 2006.09.02).]
\scratchcounter=\count303
\scratchdimen=\dimen175
\scratchbox=\box60
\nofMPsegments=\count304
\nofMParguments=\count305
\everyMPshowfont=\toks25
\MPscratchCnt=\count306
\MPscratchDim=\dimen176
\MPnumerator=\count307
\makeMPintoPDFobject=\count308
\everyMPtoPDFconversion=\toks26
) (e:/texlive/2021/texmf-dist/tex/latex/epstopdf-pkg/epstopdf-base.sty
Package: epstopdf-base 2020-01-24 v2.11 Base part for package epstopdf
Package epstopdf-base Info: Redefining graphics rule for `.eps' on input line 4
85.

(e:/texlive/2021/texmf-dist/tex/latex/latexconfig/epstopdf-sys.cfg
File: epstopdf-sys.cfg 2010/07/13 v1.3 Configuration of (r)epstopdf for TeX Liv
e
))
LaTeX Info: Redefining \microtypecontext on input line 59.
Package microtype Info: Generating PDF output.
Package microtype Info: Character protrusion enabled (level 2).
Package microtype Info: Using default protrusion set `alltext'.
Package microtype Info: Automatic font expansion enabled (level 2),
(microtype)             stretch: 20, shrink: 20, step: 1, non-selected.
Package microtype Info: Using default expansion set `alltext-nott'.
LaTeX Info: Redefining \showhyphens on input line 59.
Package microtype Info: No adjustment of tracking.
Package microtype Info: No adjustment of interword spacing.
Package microtype Info: No adjustment of character kerning.

(e:/texlive/2021/texmf-dist/tex/latex/microtype/mt-cmr.cfg
File: mt-cmr.cfg 2013/05/19 v2.2 microtype config. file: Computer Modern Roman 
(RS)
)
*geometry* driver: auto-detecting
*geometry* detected driver: pdftex
*geometry* verbose mode - [ preamble ] result:
* driver: pdftex
* paper: a4paper
* layout: <same size as paper>
* layoutoffset:(h,v)=(0.0pt,0.0pt)
* modes: 
* h-part:(L,W,R)=(56.9055pt, 483.69684pt, 56.90553pt)
* v-part:(T,H,B)=(45.52438pt, 731.23582pt, 68.28664pt)
* \paperwidth=597.50787pt
* \paperheight=845.04684pt
* \textwidth=483.69684pt
* \textheight=731.23582pt
* \oddsidemargin=-15.36449pt
* \evensidemargin=-15.36449pt
* \topmargin=-63.7456pt
* \headheight=12.0pt
* \headsep=25.0pt
* \topskip=10.0pt
* \footskip=30.0pt
* \marginparwidth=65.0pt
* \marginparsep=11.0pt
* \columnsep=10.0pt
* \skip\footins=9.0pt plus 4.0pt minus 2.0pt
* \hoffset=0.0pt
* \voffset=0.0pt
* \mag=1000
* \@twocolumnfalse
* \@twosidefalse
* \@mparswitchfalse
* \@reversemarginfalse
* (1in=72.27pt=25.4mm, 1cm=28.453pt)

LaTeX Font Info:    External font `cmex10' loaded for size
(Font)              <12> on input line 60.
LaTeX Font Info:    External font `cmex10' loaded for size
(Font)              <8> on input line 60.
LaTeX Font Info:    External font `cmex10' loaded for size
(Font)              <6> on input line 60.
<./images//gns3_config.png, id=1, 1012.5328pt x 621.07031pt>
File: ./images//gns3_config.png Graphic file (type png)
<use ./images//gns3_config.png>
Package pdftex.def Info: ./images//gns3_config.png  used on input line 64.
(pdftex.def)             Requested size: 386.95894pt x 237.35486pt.
[1

{e:/texlive/2021/texmf-var/fonts/map/pdftex/updmap/pdftex.map} <./images//gns3_
config.png>]
<./images//core_router_config.png, id=11, 666.23906pt x 656.4525pt>
File: ./images//core_router_config.png Graphic file (type png)
<use ./images//core_router_config.png>
Package pdftex.def Info: ./images//core_router_config.png  used on input line 7
0.
(pdftex.def)             Requested size: 338.5863pt x 333.6144pt.
<./images//eng_router_config.png, id=12, 491.58656pt x 392.21532pt>
File: ./images//eng_router_config.png Graphic file (type png)
<use ./images//eng_router_config.png>
Package pdftex.def Info: ./images//eng_router_config.png  used on input line 77
.
(pdftex.def)             Requested size: 217.6621pt x 173.66449pt.
LaTeX Font Info:    External font `cmex10' loaded for size
(Font)              <7> on input line 79.
LaTeX Font Info:    External font `cmex10' loaded for size
(Font)              <5> on input line 79.
<./images//it_router_config.png, id=13, 425.33907pt x 393.72093pt>
File: ./images//it_router_config.png Graphic file (type png)
<use ./images//it_router_config.png>
Package pdftex.def Info: ./images//it_router_config.png  used on input line 82.

(pdftex.def)             Requested size: 217.6621pt x 201.4859pt.
 [2 <./images//core_router_config.png> <./images//eng_router_config.png> <./ima
ges//it_router_config.png>]
<./images//core_loopback_pings.png, id=17, 417.81094pt x 188.20313pt>
File: ./images//core_loopback_pings.png Graphic file (type png)
<use ./images//core_loopback_pings.png>
Package pdftex.def Info: ./images//core_loopback_pings.png  used on input line 
90.
(pdftex.def)             Requested size: 435.32419pt x 196.10281pt.
<./images//it_loopback_pings.png, id=18, 411.03563pt x 193.47281pt>
File: ./images//it_loopback_pings.png Graphic file (type png)
<use ./images//it_loopback_pings.png>
Package pdftex.def Info: ./images//it_loopback_pings.png  used on input line 95
.
(pdftex.def)             Requested size: 435.32419pt x 204.90602pt.
<./images//eng_loopback_pings.png, id=19, 419.31656pt x 171.64125pt>
File: ./images//eng_loopback_pings.png Graphic file (type png)
<use ./images//eng_loopback_pings.png>
Package pdftex.def Info: ./images//eng_loopback_pings.png  used on input line 1
00.
(pdftex.def)             Requested size: 435.32419pt x 178.19362pt.
 [3 <./images//core_loopback_pings.png> <./images//it_loopback_pings.png> <./im
ages//eng_loopback_pings.png>]
<./images//core_routing_table.png, id=23, 657.95813pt x 193.47281pt>
File: ./images//core_routing_table.png Graphic file (type png)
<use ./images//core_routing_table.png>
Package pdftex.def Info: ./images//core_routing_table.png  used on input line 1
08.
(pdftex.def)             Requested size: 217.6621pt x 64.00269pt.
<./images//core_neighbors.png, id=24, 650.43pt x 96.36pt>
File: ./images//core_neighbors.png Graphic file (type png)
<use ./images//core_neighbors.png>
Package pdftex.def Info: ./images//core_neighbors.png  used on input line 112.
(pdftex.def)             Requested size: 217.6621pt x 32.24586pt.
<./images//it_routing_table.png, id=25, 663.22781pt x 197.23688pt>
File: ./images//it_routing_table.png Graphic file (type png)
<use ./images//it_routing_table.png>
Package pdftex.def Info: ./images//it_routing_table.png  used on input line 119
.
(pdftex.def)             Requested size: 217.6621pt x 64.73021pt.
<./images//it_neighbors.png, id=26, 652.68843pt x 95.6072pt>
File: ./images//it_neighbors.png Graphic file (type png)
<use ./images//it_neighbors.png>
Package pdftex.def Info: ./images//it_neighbors.png  used on input line 123.
(pdftex.def)             Requested size: 217.6621pt x 31.88307pt.
<./images//eng_routing_table.png, id=27, 653.44125pt x 200.24812pt>
File: ./images//eng_routing_table.png Graphic file (type png)
<use ./images//eng_routing_table.png>
Package pdftex.def Info: ./images//eng_routing_table.png  used on input line 13
0.
(pdftex.def)             Requested size: 217.6621pt x 66.70235pt.
<./images//eng_neighbors.png, id=28, 648.92438pt x 86.57344pt>
File: ./images//eng_neighbors.png Graphic file (type png)
<use ./images//eng_neighbors.png>
Package pdftex.def Info: ./images//eng_neighbors.png  used on input line 134.
(pdftex.def)             Requested size: 217.6621pt x 29.03827pt.
<./images//pc1_internet_ping.png, id=29, 320.69812pt x 97.11281pt>
File: ./images//pc1_internet_ping.png Graphic file (type png)
<use ./images//pc1_internet_ping.png>
Package pdftex.def Info: ./images//pc1_internet_ping.png  used on input line 14
1.
(pdftex.def)             Requested size: 386.95894pt x 117.18085pt.
<./images//pc2_internet_ping.png, id=30, 335.75438pt x 109.1578pt>
File: ./images//pc2_internet_ping.png Graphic file (type png)
<use ./images//pc2_internet_ping.png>
Package pdftex.def Info: ./images//pc2_internet_ping.png  used on input line 14
6.
(pdftex.def)             Requested size: 386.95894pt x 125.80531pt.

[4 <./images//core_routing_table.png> <./images//core_neighbors.png> <./images/
/it_routing_table.png> <./images//it_neighbors.png> <./images//eng_routing_tabl
e.png> <./images//eng_neighbors.png> <./images//pc1_internet_ping.png> <./image
s//pc2_internet_ping.png>]
<./images//step_13_trace.png, id=34, 469.00218pt x 90.3375pt>
File: ./images//step_13_trace.png Graphic file (type png)
<use ./images//step_13_trace.png>
Package pdftex.def Info: ./images//step_13_trace.png  used on input line 157.
(pdftex.def)             Requested size: 386.95894pt x 74.53348pt.
 [5 <./images//step_13_trace.png>]
<./images//step_15_trace_with_pings.png, id=38, 450.9347pt x 319.1925pt>
File: ./images//step_15_trace_with_pings.png Graphic file (type png)
<use ./images//step_15_trace_with_pings.png>
Package pdftex.def Info: ./images//step_15_trace_with_pings.png  used on input 
line 168.
(pdftex.def)             Requested size: 386.95894pt x 273.92061pt.
 [6 <./images//step_15_trace_with_pings.png>]
<./images//first_lsa.png, id=42, 613.54219pt x 416.30531pt>
File: ./images//first_lsa.png Graphic file (type png)
<use ./images//first_lsa.png>
Package pdftex.def Info: ./images//first_lsa.png  used on input line 181.
(pdftex.def)             Requested size: 386.95894pt x 262.56593pt.
<./images//second_lsa.png, id=43, 632.3625pt x 397.485pt>
File: ./images//second_lsa.png Graphic file (type png)
<use ./images//second_lsa.png>
Package pdftex.def Info: ./images//second_lsa.png  used on input line 186.
(pdftex.def)             Requested size: 386.95894pt x 243.23576pt.
 [7 <./images//first_lsa.png> <./images//second_lsa.png>]
<./images//lsa_ack.png, id=48, 590.95781pt x 470.50781pt>
File: ./images//lsa_ack.png Graphic file (type png)
<use ./images//lsa_ack.png>
Package pdftex.def Info: ./images//lsa_ack.png  used on input line 192.
(pdftex.def)             Requested size: 386.95894pt x 308.09512pt.

No file writeup.bbl.
[8 <./images//lsa_ack.png>] (./writeup.aux) ) 
Here is how much of TeX's memory you used:
 9401 strings out of 478579
 168562 string characters out of 5857457
 549677 words of memory out of 5000000
 27155 multiletter control sequences out of 15000+600000
 408145 words of font info for 60 fonts, out of 8000000 for 9000
 1141 hyphenation exceptions out of 8191
 74i,8n,80p,464b,374s stack positions out of 5000i,500n,10000p,200000b,80000s
<e:/texlive/2021/texmf-dist/fonts/
type1/public/amsfonts/cm/cmbx12.pfb><e:/texlive/2021/texmf-dist/fonts/type1/pub
lic/amsfonts/cm/cmr10.pfb><e:/texlive/2021/texmf-dist/fonts/type1/public/amsfon
ts/cm/cmr12.pfb><e:/texlive/2021/texmf-dist/fonts/type1/public/amsfonts/cm/cmr1
7.pfb>
Output written on writeup.pdf (8 pages, 401825 bytes).
PDF statistics:
 71 PDF objects out of 1000 (max. 8388607)
 32 compressed objects within 1 object stream
 0 named destinations out of 1000 (max. 500000)
 18533 words of extra memory for PDF output out of 20736 (max. 10000000)

